Arguments: 
  C:\Program Files (x86)\nodejs\node.exe C:\Users\S_C Prtesents\AppData\Roaming\npm\node_modules\yarn\bin\yarn.js add cors

PATH: 
  C:\Users\S_C Prtesents\bin;C:\Program Files\Git\mingw64\bin;C:\Program Files\Git\usr\local\bin;C:\Program Files\Git\usr\bin;C:\Program Files\Git\usr\bin;C:\Program Files\Git\mingw64\bin;C:\Program Files\Git\usr\bin;C:\Users\S_C Prtesents\bin;C:\Windows\system32;C:\Windows;C:\Windows\System32\Wbem;C:\Windows\System32\WindowsPowerShell\v1.0;C:\Windows\System32\OpenSSH;C:\Program Files (x86)\nodejs;C:\ProgramData\chocolatey\bin;C:\xampp\php;C:\ProgramData\ComposerSetup\bin;C:\Program Files\Git\cmd;C:\Program Files\dotnet;C:\Users\S_C Prtesents\AppData\Local\Microsoft\WindowsApps;C:\Users\S_C Prtesents\AppData\Roaming\npm;C:\Users\S_C Prtesents\AppData\Roaming\Composer\vendor\bin;C:\Users\S_C Prtesents\AppData\Local\GitHubDesktop\bin;C:\Program Files\MongoDB\Server\5.0\bin;C:\Users\S_C Prtesents\AppData\Local\atom\bin;C:\Users\S_C Prtesents\AppData\Local\Programs\Microsoft VS Code\bin;C:\MinGW\bin;C:\Users\S_C Prtesents\AppData\Local\Programs\Hyper\resources\bin;C:\Program Files\Git\usr\bin\vendor_perl;C:\Program Files\Git\usr\bin\core_perl

Yarn version: 
  1.22.10

Node version: 
  14.17.0

Platform: 
  win32 ia32

Trace: 
  Error: EPERM: operation not permitted, unlink 'E:\Authentication\Mern\backend\admin\node_modules\bcrypt\lib\binding\napi-v3\bcrypt_lib.node'

npm manifest: 
  {
    "name": "admin",
    "version": "1.0.0",
    "description": "this is a api for recipe app",
    "main": "app.js",
    "scripts": {
      "start": "NODE_ENV=production nodemon app"
    },
    "author": "mahadia",
    "license": "ISC",
    "dependencies": {
      "bcrypt": "^5.0.1",
      "cookie-parser": "^1.4.5",
      "dotenv": "^10.0.0",
      "express": "^4.17.1",
      "express-validator": "^6.13.0",
      "http-errors": "^1.8.0",
      "jsonwebtoken": "^8.5.1",
      "mongoose": "^6.0.11",
      "multer": "^1.4.3"
    }
  }

yarn manifest: 
  No manifest

Lockfile: 
  No lockfile
